0 info it worked if it ends with ok
1 verbose cli [ '/usr/bin/nodejs',
1 verbose cli   '/usr/bin/npm',
1 verbose cli   'install',
1 verbose cli   '-g',
1 verbose cli   'express-generator' ]
2 info using npm@1.3.10
3 info using node@v0.10.25
4 verbose cache add [ 'express-generator', null ]
5 verbose cache add name=undefined spec="express-generator" args=["express-generator",null]
6 verbose parsed url { protocol: null,
6 verbose parsed url   slashes: null,
6 verbose parsed url   auth: null,
6 verbose parsed url   host: null,
6 verbose parsed url   port: null,
6 verbose parsed url   hostname: null,
6 verbose parsed url   hash: null,
6 verbose parsed url   search: null,
6 verbose parsed url   query: null,
6 verbose parsed url   pathname: 'express-generator',
6 verbose parsed url   path: 'express-generator',
6 verbose parsed url   href: 'express-generator' }
7 silly lockFile 198a68d8-express-generator express-generator
8 verbose lock express-generator /home/zsmith/.npm/198a68d8-express-generator.lock
9 silly lockFile 198a68d8-express-generator express-generator
10 silly lockFile 198a68d8-express-generator express-generator
11 verbose addNamed [ 'express-generator', '' ]
12 verbose addNamed [ null, '*' ]
13 silly lockFile bd41e3d3-express-generator express-generator@
14 verbose lock express-generator@ /home/zsmith/.npm/bd41e3d3-express-generator.lock
15 silly addNameRange { name: 'express-generator', range: '*', hasData: false }
16 verbose url raw express-generator
17 verbose url resolving [ 'https://registry.npmjs.org/', './express-generator' ]
18 verbose url resolved https://registry.npmjs.org/express-generator
19 info trying registry request attempt 1 at 18:04:08
20 verbose etag "D8MAOBCOVFO78JBUQNLK8DEX0"
21 http GET https://registry.npmjs.org/express-generator
22 http 304 https://registry.npmjs.org/express-generator
23 silly registry.get cb [ 304,
23 silly registry.get   { date: 'Wed, 15 Oct 2014 22:04:08 GMT',
23 silly registry.get     server: 'Apache',
23 silly registry.get     via: '1.1 varnish',
23 silly registry.get     'last-modified': 'Wed, 15 Oct 2014 22:04:08 GMT',
23 silly registry.get     'cache-control': 'max-age=60',
23 silly registry.get     etag: '"D8MAOBCOVFO78JBUQNLK8DEX0"',
23 silly registry.get     age: '0',
23 silly registry.get     'x-served-by': 'cache-jfk1031-JFK',
23 silly registry.get     'x-cache': 'HIT',
23 silly registry.get     'x-cache-hits': '1',
23 silly registry.get     'x-timer': 'S1413410648.187914,VS0,VE14',
23 silly registry.get     vary: 'Accept',
23 silly registry.get     'content-length': '0',
23 silly registry.get     'keep-alive': 'timeout=10, max=50',
23 silly registry.get     connection: 'Keep-Alive' } ]
24 verbose etag express-generator from cache
25 silly addNameRange number 2 { name: 'express-generator', range: '*', hasData: true }
26 silly addNameRange versions [ 'express-generator',
26 silly addNameRange   [ '1.0.0', '3.0.0', '4.0.0', '4.2.0', '4.8.0', '4.9.0' ] ]
27 verbose addNamed [ 'express-generator', '4.9.0' ]
28 verbose addNamed [ '4.9.0', '4.9.0' ]
29 silly lockFile 0580e4a0-express-generator-4-9-0 express-generator@4.9.0
30 verbose lock express-generator@4.9.0 /home/zsmith/.npm/0580e4a0-express-generator-4-9-0.lock
31 silly lockFile 0580e4a0-express-generator-4-9-0 express-generator@4.9.0
32 silly lockFile 0580e4a0-express-generator-4-9-0 express-generator@4.9.0
33 silly lockFile bd41e3d3-express-generator express-generator@
34 silly lockFile bd41e3d3-express-generator express-generator@
35 silly resolved [ { name: 'express-generator',
35 silly resolved     description: 'Express\' application generator',
35 silly resolved     version: '4.9.0',
35 silly resolved     author: { name: 'TJ Holowaychuk', email: 'tj@vision-media.ca' },
35 silly resolved     contributors: [ [Object], [Object], [Object], [Object], [Object] ],
35 silly resolved     keywords:
35 silly resolved      [ 'express',
35 silly resolved        'framework',
35 silly resolved        'sinatra',
35 silly resolved        'web',
35 silly resolved        'rest',
35 silly resolved        'restful',
35 silly resolved        'router',
35 silly resolved        'app',
35 silly resolved        'api' ],
35 silly resolved     repository: { type: 'git', url: 'git://github.com/expressjs/generator' },
35 silly resolved     license: 'MIT',
35 silly resolved     dependencies: { commander: '1.3.2', mkdirp: '0.5.0' },
35 silly resolved     main: 'bin/express',
35 silly resolved     preferGlobal: true,
35 silly resolved     bin: { express: './bin/express' },
35 silly resolved     devDependencies:
35 silly resolved      { mocha: '~1.21.4',
35 silly resolved        rimraf: '~2.2.8',
35 silly resolved        should: '~4.0.4',
35 silly resolved        supertest: '~0.13.0' },
35 silly resolved     engines: { node: '>= 0.8.0' },
35 silly resolved     files: [ 'LICENSE', 'bin/', 'templates/' ],
35 silly resolved     scripts:
35 silly resolved      { test: 'mocha --reporter spec --bail --check-leaks test/',
35 silly resolved        'test-travis': 'mocha --reporter spec --bail --check-leaks test/' },
35 silly resolved     readme: '[![Express Logo](https://i.cloudup.com/zfY6lL7eFa-3000x3000.png)](http://expressjs.com/)\n\n  [Express\'](https://github.com/strongloop/express) application generator.\n\n  [![NPM Version](https://img.shields.io/npm/v/express-generator.svg?style=flat)](https://www.npmjs.org/package/express-generator)\n  [![NPM Downloads](https://img.shields.io/npm/dm/express-generator.svg?style=flat)](https://www.npmjs.org/package/express-generator)\n  [![Build Status](https://img.shields.io/travis/expressjs/generator.svg?style=flat)](https://travis-ci.org/expressjs/generator)\n  [![Gittip](https://img.shields.io/gittip/dougwilson.svg?style=flat)](https://www.gittip.com/dougwilson/)\n\n## Quick Start\n\n  The quickest way to get started with express is to utilize the executable `express(1)` to generate an application as shown below:\n\n  Create the app:\n\n```bash\n$ npm install -g express-generator\n$ express /tmp/foo && cd /tmp/foo\n```\n\n  Install dependencies:\n\n```bash\n$ npm install\n```\n\n  Rock and Roll\n\n```bash\n$ npm start\n```\n\n### [License (MIT)](LICENSE)\n',
35 silly resolved     readmeFilename: 'README.md',
35 silly resolved     bugs: { url: 'https://github.com/expressjs/generator/issues' },
35 silly resolved     _id: 'express-generator@4.9.0',
35 silly resolved     _from: 'express-generator@' } ]
36 info install express-generator@4.9.0 into /usr/local/lib
37 info installOne express-generator@4.9.0
38 info /usr/local/lib/node_modules/express-generator unbuild
39 info preuninstall express-generator@4.9.0
40 info uninstall express-generator@4.9.0
41 verbose true,/usr/local/lib/node_modules,/usr/local/lib/node_modules unbuild express-generator@4.9.0
42 verbose /usr/local/bin,[object Object] binRoot
43 info /usr/local/lib/node_modules/express-generator unbuild
44 info preuninstall express-generator@4.9.0
45 info uninstall express-generator@4.9.0
46 verbose true,/usr/local/lib/node_modules,/usr/local/lib/node_modules unbuild express-generator@4.9.0
47 verbose /usr/local/bin,[object Object] binRoot
48 error error rolling back Error: EACCES, unlink '/usr/local/bin/express'
48 error error rolling back  express-generator@4.9.0 { [Error: EACCES, unlink '/usr/local/bin/express'] errno: 3, code: 'EACCES', path: '/usr/local/bin/express' }
49 error Error: EACCES, unlink '/usr/local/bin/express'
49 error  { [Error: EACCES, unlink '/usr/local/bin/express'] errno: 3, code: 'EACCES', path: '/usr/local/bin/express' }
50 error Please try running this command again as root/Administrator.
51 error System Linux 3.13.0-32-generic
52 error command "/usr/bin/nodejs" "/usr/bin/npm" "install" "-g" "express-generator"
53 error cwd /home/zsmith/Visualization
54 error node -v v0.10.25
55 error npm -v 1.3.10
56 error path /usr/local/bin/express
57 error code EACCES
58 error errno 3
59 error stack Error: EACCES, unlink '/usr/local/bin/express'
60 verbose exit [ 3, true ]
